<?xml version="1.0" encoding="UTF-8"?>
<!-- Generated by org.testng.reporters.JUnitReportReporter -->
<testsuite hostname="DESKTOP-CJFGN1F" failures="0" tests="1" name="ciraLogin.Login" time="6.019" errors="0" timestamp="2022-08-16T14:35:24 IST" skipped="0">
  <testcase classname="ciraLogin.Login" name="InValidInputLoginTest" time="6.019"/>
  <system-out/>
</testsuite> <!-- ciraLogin.Login -->
